<?xml version="1.0" encoding="UTF-8"?>
<!-- Generated by org.testng.reporters.JUnitXMLReporter -->
<testsuite ignored="0" hostname="Arthana" failures="0" tests="5" name="Test" time="26.964" errors="0" timestamp="2025-04-08T00:49:11 IST">
  <testcase classname="testscript.LoginTest" name="verifyWhetherUserCanLoginWithValidCredentials" time="2.227"/>
  <testcase classname="testscript.LoginTest" name="verifyWhetherUserCanLoginWithValidUsernameAndInvalidPassword" time="0.399"/>
  <testcase classname="testscript.LoginTest" name="verifyWhetherUserCanLoginWithInValidUsernameAndValidPassword" time="0.382"/>
  <testcase classname="testscript.LoginTest" name="verifyWhetherUserCanLoginWithInValidCredentials" time="0.309"/>
  <testcase classname="testscript.LoginTest" name="verifyWhetherUserCanLoginWithInValidCredentials" time="0.303"/>
</testsuite> <!-- Test -->
