<?xml version="1.0" encoding="UTF-8"?>
<testng-results ignored="0" total="2" passed="2" failed="0" skipped="0">
  <reporter-output>
  </reporter-output>
  <suite started-at="2025-04-09T13:21:44 IST" name="Suite" finished-at="2025-04-09T13:21:51 IST" duration-ms="7610">
    <groups>
    </groups>
    <test started-at="2025-04-09T13:21:44 IST" name="Test" finished-at="2025-04-09T13:21:51 IST" duration-ms="7610">
      <class name="testscript.ManageNewsTest">
        <test-method is-config="true" signature="initialiseBrowser(java.lang.String)[pri:0, instance:testscript.ManageNewsTest@2d0399f4]" started-at="2025-04-09T13:21:44 IST" name="initialiseBrowser" finished-at="2025-04-09T13:21:46 IST" duration-ms="2331" status="PASS">
          <params>
            <param index="0">
              <value>
                <![CDATA[Chrome]]>
              </value>
            </param>
          </params>
          <reporter-output>
          </reporter-output>
        </test-method> <!-- initialiseBrowser -->
        <test-method signature="verifyWhetherUserIsAbleToAddNews()[pri:0, instance:testscript.ManageNewsTest@2d0399f4]" started-at="2025-04-09T13:21:46 IST" name="verifyWhetherUserIsAbleToAddNews" description="Verify whether user is able to create new news" finished-at="2025-04-09T13:21:48 IST" duration-ms="1903" status="PASS">
          <reporter-output>
          </reporter-output>
        </test-method> <!-- verifyWhetherUserIsAbleToAddNews -->
        <test-method is-config="true" signature="driverQuit(org.testng.ITestResult)[pri:0, instance:testscript.ManageNewsTest@2d0399f4]" started-at="2025-04-09T13:21:48 IST" name="driverQuit" finished-at="2025-04-09T13:21:48 IST" duration-ms="187" status="PASS">
          <params>
            <param index="0">
              <value>
                <![CDATA[[TestResult name=verifyWhetherUserIsAbleToAddNews status=SUCCESS method=ManageNewsTest.verifyWhetherUserIsAbleToAddNews()[pri:0, instance:testscript.ManageNewsTest@2d0399f4] output={null}]]]>
              </value>
            </param>
          </params>
          <reporter-output>
          </reporter-output>
        </test-method> <!-- driverQuit -->
        <test-method is-config="true" signature="initialiseBrowser(java.lang.String)[pri:0, instance:testscript.ManageNewsTest@2d0399f4]" started-at="2025-04-09T13:21:48 IST" name="initialiseBrowser" finished-at="2025-04-09T13:21:50 IST" duration-ms="1873" status="PASS">
          <params>
            <param index="0">
              <value>
                <![CDATA[Chrome]]>
              </value>
            </param>
          </params>
          <reporter-output>
          </reporter-output>
        </test-method> <!-- initialiseBrowser -->
        <test-method signature="verifyWhetherUserIsAbleToSearchNews()[pri:0, instance:testscript.ManageNewsTest@2d0399f4]" started-at="2025-04-09T13:21:50 IST" name="verifyWhetherUserIsAbleToSearchNews" description="Verify whether user is able to search for news " finished-at="2025-04-09T13:21:51 IST" duration-ms="1133" status="PASS">
          <reporter-output>
          </reporter-output>
        </test-method> <!-- verifyWhetherUserIsAbleToSearchNews -->
        <test-method is-config="true" signature="driverQuit(org.testng.ITestResult)[pri:0, instance:testscript.ManageNewsTest@2d0399f4]" started-at="2025-04-09T13:21:51 IST" name="driverQuit" finished-at="2025-04-09T13:21:51 IST" duration-ms="150" status="PASS">
          <params>
            <param index="0">
              <value>
                <![CDATA[[TestResult name=verifyWhetherUserIsAbleToSearchNews status=SUCCESS method=ManageNewsTest.verifyWhetherUserIsAbleToSearchNews()[pri:0, instance:testscript.ManageNewsTest@2d0399f4] output={null}]]]>
              </value>
            </param>
          </params>
          <reporter-output>
          </reporter-output>
        </test-method> <!-- driverQuit -->
      </class> <!-- testscript.ManageNewsTest -->
    </test> <!-- Test -->
  </suite> <!-- Suite -->
</testng-results>
