<?xml version="1.0" encoding="UTF-8"?>
<testng-results ignored="0" total="5" passed="5" failed="0" skipped="0">
  <reporter-output>
  </reporter-output>
  <suite started-at="2025-04-08T00:48:44 IST" name="Suite" finished-at="2025-04-08T00:49:11 IST" duration-ms="26964">
    <groups>
      <group name="smoke">
        <method signature="LoginTest.verifyWhetherUserCanLoginWithValidCredentials()[pri:1, instance:testscript.LoginTest@23941fb4]" name="verifyWhetherUserCanLoginWithValidCredentials" class="testscript.LoginTest"/>
        <method signature="LoginTest.verifyWhetherUserCanLoginWithValidUsernameAndInvalidPassword()[pri:2, instance:testscript.LoginTest@23941fb4]" name="verifyWhetherUserCanLoginWithValidUsernameAndInvalidPassword" class="testscript.LoginTest"/>
      </group> <!-- smoke -->
    </groups>
    <test started-at="2025-04-08T00:48:44 IST" name="Test" finished-at="2025-04-08T00:49:11 IST" duration-ms="26964">
      <class name="testscript.LoginTest">
        <test-method is-config="true" signature="initialiseBrowser(java.lang.String)[pri:0, instance:testscript.LoginTest@23941fb4]" started-at="2025-04-08T00:48:44 IST" name="initialiseBrowser" finished-at="2025-04-08T00:48:55 IST" duration-ms="11450" status="PASS">
          <params>
            <param index="0">
              <value>
                <![CDATA[Chrome]]>
              </value>
            </param>
          </params>
          <reporter-output>
          </reporter-output>
        </test-method> <!-- initialiseBrowser -->
        <test-method signature="verifyWhetherUserCanLoginWithValidCredentials()[pri:1, instance:testscript.LoginTest@23941fb4]" started-at="2025-04-08T00:48:55 IST" name="verifyWhetherUserCanLoginWithValidCredentials" description="Verify whether user is able to successfully login with valid credentials" finished-at="2025-04-08T00:48:57 IST" duration-ms="2227" status="PASS">
          <reporter-output>
          </reporter-output>
        </test-method> <!-- verifyWhetherUserCanLoginWithValidCredentials -->
        <test-method is-config="true" signature="driverQuit(org.testng.ITestResult)[pri:0, instance:testscript.LoginTest@23941fb4]" started-at="2025-04-08T00:48:57 IST" name="driverQuit" finished-at="2025-04-08T00:48:58 IST" duration-ms="159" status="PASS">
          <params>
            <param index="0">
              <value>
                <![CDATA[[TestResult name=verifyWhetherUserCanLoginWithValidCredentials status=SUCCESS method=LoginTest.verifyWhetherUserCanLoginWithValidCredentials()[pri:1, instance:testscript.LoginTest@23941fb4] output={null}]]]>
              </value>
            </param>
          </params>
          <reporter-output>
          </reporter-output>
        </test-method> <!-- driverQuit -->
        <test-method is-config="true" signature="initialiseBrowser(java.lang.String)[pri:0, instance:testscript.LoginTest@23941fb4]" started-at="2025-04-08T00:48:58 IST" name="initialiseBrowser" finished-at="2025-04-08T00:49:00 IST" duration-ms="2657" status="PASS">
          <params>
            <param index="0">
              <value>
                <![CDATA[Chrome]]>
              </value>
            </param>
          </params>
          <reporter-output>
          </reporter-output>
        </test-method> <!-- initialiseBrowser -->
        <test-method signature="verifyWhetherUserCanLoginWithValidUsernameAndInvalidPassword()[pri:2, instance:testscript.LoginTest@23941fb4]" started-at="2025-04-08T00:49:00 IST" name="verifyWhetherUserCanLoginWithValidUsernameAndInvalidPassword" description="Verify whether user is able to login with valid username and invalid password" finished-at="2025-04-08T00:49:01 IST" duration-ms="399" status="PASS">
          <reporter-output>
          </reporter-output>
        </test-method> <!-- verifyWhetherUserCanLoginWithValidUsernameAndInvalidPassword -->
        <test-method is-config="true" signature="driverQuit(org.testng.ITestResult)[pri:0, instance:testscript.LoginTest@23941fb4]" started-at="2025-04-08T00:49:01 IST" name="driverQuit" finished-at="2025-04-08T00:49:01 IST" duration-ms="130" status="PASS">
          <params>
            <param index="0">
              <value>
                <![CDATA[[TestResult name=verifyWhetherUserCanLoginWithValidUsernameAndInvalidPassword status=SUCCESS method=LoginTest.verifyWhetherUserCanLoginWithValidUsernameAndInvalidPassword()[pri:2, instance:testscript.LoginTest@23941fb4] output={null}]]]>
              </value>
            </param>
          </params>
          <reporter-output>
          </reporter-output>
        </test-method> <!-- driverQuit -->
        <test-method is-config="true" signature="initialiseBrowser(java.lang.String)[pri:0, instance:testscript.LoginTest@23941fb4]" started-at="2025-04-08T00:49:01 IST" name="initialiseBrowser" finished-at="2025-04-08T00:49:04 IST" duration-ms="3038" status="PASS">
          <params>
            <param index="0">
              <value>
                <![CDATA[Chrome]]>
              </value>
            </param>
          </params>
          <reporter-output>
          </reporter-output>
        </test-method> <!-- initialiseBrowser -->
        <test-method signature="verifyWhetherUserCanLoginWithInValidUsernameAndValidPassword()[pri:3, instance:testscript.LoginTest@23941fb4]" started-at="2025-04-08T00:49:04 IST" name="verifyWhetherUserCanLoginWithInValidUsernameAndValidPassword" description="Verify whether user is able to login with invalid username and valid password" finished-at="2025-04-08T00:49:04 IST" duration-ms="382" status="PASS">
          <reporter-output>
          </reporter-output>
        </test-method> <!-- verifyWhetherUserCanLoginWithInValidUsernameAndValidPassword -->
        <test-method is-config="true" signature="driverQuit(org.testng.ITestResult)[pri:0, instance:testscript.LoginTest@23941fb4]" started-at="2025-04-08T00:49:04 IST" name="driverQuit" finished-at="2025-04-08T00:49:04 IST" duration-ms="138" status="PASS">
          <params>
            <param index="0">
              <value>
                <![CDATA[[TestResult name=verifyWhetherUserCanLoginWithInValidUsernameAndValidPassword status=SUCCESS method=LoginTest.verifyWhetherUserCanLoginWithInValidUsernameAndValidPassword()[pri:3, instance:testscript.LoginTest@23941fb4] output={null}]]]>
              </value>
            </param>
          </params>
          <reporter-output>
          </reporter-output>
        </test-method> <!-- driverQuit -->
        <test-method is-config="true" signature="initialiseBrowser(java.lang.String)[pri:0, instance:testscript.LoginTest@23941fb4]" started-at="2025-04-08T00:49:04 IST" name="initialiseBrowser" finished-at="2025-04-08T00:49:08 IST" duration-ms="3222" status="PASS">
          <params>
            <param index="0">
              <value>
                <![CDATA[Chrome]]>
              </value>
            </param>
          </params>
          <reporter-output>
          </reporter-output>
        </test-method> <!-- initialiseBrowser -->
        <test-method signature="verifyWhetherUserCanLoginWithInValidCredentials(java.lang.String,java.lang.String)[pri:4, instance:testscript.LoginTest@23941fb4]" started-at="2025-04-08T00:49:08 IST" name="verifyWhetherUserCanLoginWithInValidCredentials" description="Verify whether user is able to login with invalid credentials" data-provider="loginProvider" finished-at="2025-04-08T00:49:08 IST" duration-ms="309" status="PASS">
          <params>
            <param index="0">
              <value>
                <![CDATA[admin]]>
              </value>
            </param>
            <param index="1">
              <value>
                <![CDATA[admin12]]>
              </value>
            </param>
          </params>
          <reporter-output>
          </reporter-output>
        </test-method> <!-- verifyWhetherUserCanLoginWithInValidCredentials -->
        <test-method is-config="true" signature="driverQuit(org.testng.ITestResult)[pri:0, instance:testscript.LoginTest@23941fb4]" started-at="2025-04-08T00:49:08 IST" name="driverQuit" finished-at="2025-04-08T00:49:08 IST" duration-ms="150" status="PASS">
          <params>
            <param index="0">
              <value>
                <![CDATA[[TestResult name=verifyWhetherUserCanLoginWithInValidCredentials status=SUCCESS method=LoginTest.verifyWhetherUserCanLoginWithInValidCredentials(java.lang.String,java.lang.String)[pri:4, instance:testscript.LoginTest@23941fb4] output={null}]]]>
              </value>
            </param>
          </params>
          <reporter-output>
          </reporter-output>
        </test-method> <!-- driverQuit -->
        <test-method is-config="true" signature="initialiseBrowser(java.lang.String)[pri:0, instance:testscript.LoginTest@23941fb4]" started-at="2025-04-08T00:49:08 IST" name="initialiseBrowser" finished-at="2025-04-08T00:49:10 IST" duration-ms="2241" status="PASS">
          <params>
            <param index="0">
              <value>
                <![CDATA[Chrome]]>
              </value>
            </param>
          </params>
          <reporter-output>
          </reporter-output>
        </test-method> <!-- initialiseBrowser -->
        <test-method signature="verifyWhetherUserCanLoginWithInValidCredentials(java.lang.String,java.lang.String)[pri:4, instance:testscript.LoginTest@23941fb4]" started-at="2025-04-08T00:49:10 IST" name="verifyWhetherUserCanLoginWithInValidCredentials" description="Verify whether user is able to login with invalid credentials" data-provider="loginProvider" finished-at="2025-04-08T00:49:11 IST" duration-ms="303" status="PASS">
          <params>
            <param index="0">
              <value>
                <![CDATA[123]]>
              </value>
            </param>
            <param index="1">
              <value>
                <![CDATA[123]]>
              </value>
            </param>
          </params>
          <reporter-output>
          </reporter-output>
        </test-method> <!-- verifyWhetherUserCanLoginWithInValidCredentials -->
        <test-method is-config="true" signature="driverQuit(org.testng.ITestResult)[pri:0, instance:testscript.LoginTest@23941fb4]" started-at="2025-04-08T00:49:11 IST" name="driverQuit" finished-at="2025-04-08T00:49:11 IST" duration-ms="119" status="PASS">
          <params>
            <param index="0">
              <value>
                <![CDATA[[TestResult name=verifyWhetherUserCanLoginWithInValidCredentials status=SUCCESS method=LoginTest.verifyWhetherUserCanLoginWithInValidCredentials(java.lang.String,java.lang.String)[pri:4, instance:testscript.LoginTest@23941fb4] output={null}]]]>
              </value>
            </param>
          </params>
          <reporter-output>
          </reporter-output>
        </test-method> <!-- driverQuit -->
      </class> <!-- testscript.LoginTest -->
    </test> <!-- Test -->
  </suite> <!-- Suite -->
</testng-results>
